# JRE version: OpenJDK Runtime Environment (17.0.6) (build 17.0.6+0-b2043.56-10027231)
# Java VM: OpenJDK 64-Bit Server VM (17.0.6+0-b2043.56-10027231, mixed mode, tiered, compressed oops, compressed class ptrs, g1 gc, windows-amd64)
GC Precious Log:
 CPUs: 8 total, 8 available
 Memory: 3899M
 Large Page Support: Disabled
 NUMA Support: Disabled
 Compressed Oops: Enabled (32-bit)
 Heap Region Size: 1M
 Heap Min Capacity: 8M
 Heap Initial Capacity: 62M
 Heap Max Capacity: 2G
 Pre-touch: Disabled
 Parallel Workers: 8
 Concurrent Workers: 2
 Concurrent Refinement Workers: 8
 Periodic GC: Disabled
Heap:
 garbage-first heap   total 151552K, used 58111K [0x0000000080000000, 0x0000000100000000)
  region size 1024K, 8 young (8192K), 5 survivors (5120K)
 Metaspace       used 70454K, committed 71104K, reserved 1114112K
  class space    used 9301K, committed 9600K, reserved 1048576K
GC Heap History (20 events):
Event: 23.254 GC heap before
{Heap before GC invocations=22 (full 0):
 garbage-first heap   total 80896K, used 58591K [0x0000000080000000, 0x0000000100000000)
  region size 1024K, 14 young (14336K), 2 survivors (2048K)
 Metaspace       used 57082K, committed 57600K, reserved 1105920K
  class space    used 7618K, committed 7808K, reserved 1048576K
}
Event: 23.258 GC heap after
{Heap after GC invocations=23 (full 0):
 garbage-first heap   total 80896K, used 46819K [0x0000000080000000, 0x0000000100000000)
  region size 1024K, 1 young (1024K), 1 survivors (1024K)
 Metaspace       used 57082K, committed 57600K, reserved 1105920K
  class space    used 7618K, committed 7808K, reserved 1048576K
}
Event: 23.684 GC heap before
{Heap before GC invocations=24 (full 0):
 garbage-first heap   total 81920K, used 60131K [0x0000000080000000, 0x0000000100000000)
  region size 1024K, 14 young (14336K), 1 survivors (1024K)
 Metaspace       used 59559K, committed 60096K, reserved 1105920K
  class space    used 7892K, committed 8128K, reserved 1048576K
}
Event: 23.686 GC heap after
{Heap after GC invocations=25 (full 0):
 garbage-first heap   total 81920K, used 47371K [0x0000000080000000, 0x0000000100000000)
  region size 1024K, 1 young (1024K), 1 survivors (1024K)
 Metaspace       used 59559K, committed 60096K, reserved 1105920K
  class space    used 7892K, committed 8128K, reserved 1048576K
}
Event: 23.804 GC heap before
{Heap before GC invocations=25 (full 0):
 garbage-first heap   total 81920K, used 50443K [0x0000000080000000, 0x0000000100000000)
  region size 1024K, 4 young (4096K), 1 survivors (1024K)
 Metaspace       used 60087K, committed 60608K, reserved 1105920K
  class space    used 7950K, committed 8192K, reserved 1048576K
}
Event: 23.811 GC heap after
{Heap after GC invocations=26 (full 0):
 garbage-first heap   total 81920K, used 46782K [0x0000000080000000, 0x0000000100000000)
  region size 1024K, 1 young (1024K), 1 survivors (1024K)
 Metaspace       used 60087K, committed 60608K, reserved 1105920K
  class space    used 7950K, committed 8192K, reserved 1048576K
}
Event: 24.997 GC heap before
{Heap before GC invocations=26 (full 0):
 garbage-first heap   total 81920K, used 61118K [0x0000000080000000, 0x0000000100000000)
  region size 1024K, 16 young (16384K), 1 survivors (1024K)
 Metaspace       used 62200K, committed 62720K, reserved 1105920K
  class space    used 8215K, committed 8448K, reserved 1048576K
}
Event: 25.001 GC heap after
{Heap after GC invocations=27 (full 0):
 garbage-first heap   total 81920K, used 47499K [0x0000000080000000, 0x0000000100000000)
  region size 1024K, 1 young (1024K), 1 survivors (1024K)
 Metaspace       used 62200K, committed 62720K, reserved 1105920K
  class space    used 8215K, committed 8448K, reserved 1048576K
}
Event: 26.188 GC heap before
{Heap before GC invocations=28 (full 0):
 garbage-first heap   total 83968K, used 62859K [0x0000000080000000, 0x0000000100000000)
  region size 1024K, 16 young (16384K), 1 survivors (1024K)
 Metaspace       used 65837K, committed 66368K, reserved 1114112K
  class space    used 8685K, committed 8960K, reserved 1048576K
}
Event: 26.193 GC heap after
{Heap after GC invocations=29 (full 0):
 garbage-first heap   total 83968K, used 49571K [0x0000000080000000, 0x0000000100000000)
  region size 1024K, 2 young (2048K), 2 survivors (2048K)
 Metaspace       used 65837K, committed 66368K, reserved 1114112K
  class space    used 8685K, committed 8960K, reserved 1048576K
}
Event: 26.344 GC heap before
{Heap before GC invocations=29 (full 0):
 garbage-first heap   total 83968K, used 52643K [0x0000000080000000, 0x0000000100000000)
  region size 1024K, 4 young (4096K), 2 survivors (2048K)
 Metaspace       used 65889K, committed 66560K, reserved 1114112K
  class space    used 8692K, committed 9024K, reserved 1048576K
}
Event: 26.350 GC heap after
{Heap after GC invocations=30 (full 0):
 garbage-first heap   total 83968K, used 51062K [0x0000000080000000, 0x0000000100000000)
  region size 1024K, 1 young (1024K), 1 survivors (1024K)
 Metaspace       used 65889K, committed 66560K, reserved 1114112K
  class space    used 8692K, committed 9024K, reserved 1048576K
}
Event: 26.373 GC heap before
{Heap before GC invocations=30 (full 0):
 garbage-first heap   total 83968K, used 53110K [0x0000000080000000, 0x0000000100000000)
  region size 1024K, 4 young (4096K), 1 survivors (1024K)
 Metaspace       used 65889K, committed 66560K, reserved 1114112K
  class space    used 8692K, committed 9024K, reserved 1048576K
}
Event: 26.375 GC heap after
{Heap after GC invocations=31 (full 0):
 garbage-first heap   total 83968K, used 52643K [0x0000000080000000, 0x0000000100000000)
  region size 1024K, 2 young (2048K), 2 survivors (2048K)
 Metaspace       used 65889K, committed 66560K, reserved 1114112K
  class space    used 8692K, committed 9024K, reserved 1048576K
}
Event: 26.765 GC heap before
{Heap before GC invocations=32 (full 0):
 garbage-first heap   total 102400K, used 66979K [0x0000000080000000, 0x0000000100000000)
  region size 1024K, 12 young (12288K), 2 survivors (2048K)
 Metaspace       used 66078K, committed 66624K, reserved 1114112K
  class space    used 8734K, committed 9024K, reserved 1048576K
}
Event: 26.788 GC heap after
{Heap after GC invocations=33 (full 0):
 garbage-first heap   total 102400K, used 51918K [0x0000000080000000, 0x0000000100000000)
  region size 1024K, 1 young (1024K), 1 survivors (1024K)
 Metaspace       used 66078K, committed 66624K, reserved 1114112K
  class space    used 8734K, committed 9024K, reserved 1048576K
}
Event: 27.111 GC heap before
{Heap before GC invocations=33 (full 0):
 garbage-first heap   total 102400K, used 56014K [0x0000000080000000, 0x0000000100000000)
  region size 1024K, 5 young (5120K), 1 survivors (1024K)
 Metaspace       used 66608K, committed 67200K, reserved 1114112K
  class space    used 8802K, committed 9088K, reserved 1048576K
}
Event: 27.123 GC heap after
{Heap after GC invocations=34 (full 0):
 garbage-first heap   total 151552K, used 51762K [0x0000000080000000, 0x0000000100000000)
  region size 1024K, 1 young (1024K), 1 survivors (1024K)
 Metaspace       used 66608K, committed 67200K, reserved 1114112K
  class space    used 8802K, committed 9088K, reserved 1048576K
}
Event: 28.861 GC heap before
{Heap before GC invocations=34 (full 0):
 garbage-first heap   total 151552K, used 99890K [0x0000000080000000, 0x0000000100000000)
  region size 1024K, 48 young (49152K), 1 survivors (1024K)
 Metaspace       used 70044K, committed 70656K, reserved 1114112K
  class space    used 9243K, committed 9536K, reserved 1048576K
}
Event: 28.878 GC heap after
{Heap after GC invocations=35 (full 0):
 garbage-first heap   total 151552K, used 56063K [0x0000000080000000, 0x0000000100000000)
  region size 1024K, 5 young (5120K), 5 survivors (5120K)
 Metaspace       used 70044K, committed 70656K, reserved 1114112K
  class space    used 9243K, committed 9536K, reserved 1048576K
}

